clang -Os -fPIC -mfpmath=sse -fno-dollars-in-identifiers  -I'/usr/bin/../include/omc/c/fmi' -DOMC_FMI_RUNTIME=1 -DCMINPACK_NO_DLL=1   -c -o Simple_car.o Simple_car.c
clang -Os -fPIC -mfpmath=sse -fno-dollars-in-identifiers  -I'/usr/bin/../include/omc/c/fmi' -DOMC_FMI_RUNTIME=1 -DCMINPACK_NO_DLL=1   -c -o Simple_car_functions.o Simple_car_functions.c
clang -Os -fPIC -mfpmath=sse -fno-dollars-in-identifiers  -I'/usr/bin/../include/omc/c/fmi' -DOMC_FMI_RUNTIME=1 -DCMINPACK_NO_DLL=1   -c -o Simple_car_records.o Simple_car_records.c
clang -Os -fPIC -mfpmath=sse -fno-dollars-in-identifiers  -I'/usr/bin/../include/omc/c/fmi' -DOMC_FMI_RUNTIME=1 -DCMINPACK_NO_DLL=1   -c -o Simple_car_01exo.o Simple_car_01exo.c
clang -Os -fPIC -mfpmath=sse -fno-dollars-in-identifiers  -I'/usr/bin/../include/omc/c/fmi' -DOMC_FMI_RUNTIME=1 -DCMINPACK_NO_DLL=1   -c -o Simple_car_02nls.o Simple_car_02nls.c
clang -Os -fPIC -mfpmath=sse -fno-dollars-in-identifiers  -I'/usr/bin/../include/omc/c/fmi' -DOMC_FMI_RUNTIME=1 -DCMINPACK_NO_DLL=1   -c -o Simple_car_03lsy.o Simple_car_03lsy.c
clang -Os -fPIC -mfpmath=sse -fno-dollars-in-identifiers  -I'/usr/bin/../include/omc/c/fmi' -DOMC_FMI_RUNTIME=1 -DCMINPACK_NO_DLL=1   -c -o Simple_car_04set.o Simple_car_04set.c
clang -Os -fPIC -mfpmath=sse -fno-dollars-in-identifiers  -I'/usr/bin/../include/omc/c/fmi' -DOMC_FMI_RUNTIME=1 -DCMINPACK_NO_DLL=1   -c -o Simple_car_05evt.o Simple_car_05evt.c
In file included from Simple_car_01exo.cIn file included from :Simple_car.c:27:
:
In file included from In file included from ./Simple_car_model.h./Simple_car_model.h::55:
:
In file included from In file included from ./openmodelica.h./openmodelica.h::7171:
:
In file included from In file included from ./gc/../openmodelica_types.h./gc/../openmodelica_types.h::149149:
:
./gc/omc_gc.h./gc/omc_gc.h::218218::2828::  warningwarning: : expression result unused [-Wunused-value]expression result unused [-Wunused-value]

  GC_register_displacement(0);
                           ^
./gc/omc_gc.h:222:34: warning:   GC_register_displacement(0);expression result unused [-Wunused-value]

                           ^
./gc/omc_gc.h:222:34:  GC_set_force_unmap_on_gcollect(1); 
warning                                 ^: 
expression result unused [-Wunused-value]
  GC_set_force_unmap_on_gcollect(1);
                                 ^
In file included from Simple_car_04set.c:2:
In file included from ./Simple_car_model.h:5:
In file included from ./openmodelica.h:71:
In file included from ./gc/../openmodelica_types.h:149:
./gc/omc_gc.h:218:28: warning: expression result unused [-Wunused-value]
  GC_register_displacement(0);
                           ^
./gc/omc_gc.h:222:34: warning: expression result unused [-Wunused-value]
  GC_set_force_unmap_on_gcollect(1);
                                 ^
In file included from Simple_car_02nls.c:2:
In file included from ./Simple_car_model.h:5:
In file included from ./openmodelica.h:71:
In file included from ./gc/../openmodelica_types.h:149:
./gc/omc_gc.h:218:28: warning: expression result unused [-Wunused-value]
  GC_register_displacement(0);
                           ^
./gc/omc_gc.h:222:34: warning: expression result unused [-Wunused-value]
  GC_set_force_unmap_on_gcollect(1);
                                 ^
In file included from Simple_car_records.c:4:
In file included from ./meta/meta_modelica.h:In file included from 49Simple_car_functions.c:
:./gc/omc_gc.h2::
218In file included from :./Simple_car_functions.h28::3 :
warningIn file included from : ./meta/meta_modelica.hexpression result unused [-Wunused-value]:
49:
./gc/omc_gc.h:218:28: warning: expression result unused [-Wunused-value]
  GC_register_displacement(0);
                           ^
./gc/omc_gc.h:222:34  GC_register_displacement(0);:
                            ^warning
: expression result unused [-Wunused-value]
./gc/omc_gc.h:222:34: warning:   GC_set_force_unmap_on_gcollect(1);expression result unused [-Wunused-value]

                                 ^
  GC_set_force_unmap_on_gcollect(1);
                                 ^
In file included from Simple_car_05evt.c:2:
In file included from ./Simple_car_model.h:5:
In file included from ./openmodelica.h:71:
In file included from ./gc/../openmodelica_types.h:149:
./gc/omc_gc.h:218:28: warning: expression result unused [-Wunused-value]
  GC_register_displacement(0);
                           ^
./gc/omc_gc.h:222:34: warning: expression result unused [-Wunused-value]
  GC_set_force_unmap_on_gcollect(1);
                                 ^
In file included from Simple_car_03lsy.c:2:
In file included from ./Simple_car_model.h:5:
In file included from ./openmodelica.h:71:
In file included from ./gc/../openmodelica_types.h:149:
./gc/omc_gc.h:218:28: warning: expression result unused [-Wunused-value]
  GC_register_displacement(0);
                           ^
./gc/omc_gc.h:222:34: warning: expression result unused [-Wunused-value]
  GC_set_force_unmap_on_gcollect(1);
                                 ^
2 warnings generated.
2 warnings generated.
2 warnings generated.
2 warnings generated.
2 warnings generated.
clang -Os -fPIC -mfpmath=sse -fno-dollars-in-identifiers  -I'/usr/bin/../include/omc/c/fmi' -DOMC_FMI_RUNTIME=1 -DCMINPACK_NO_DLL=1   -c -o Simple_car_06inz.o Simple_car_06inz.c
clang -Os -fPIC -mfpmath=sse -fno-dollars-in-identifiers  -I'/usr/bin/../include/omc/c/fmi' -DOMC_FMI_RUNTIME=1 -DCMINPACK_NO_DLL=1   -c -o Simple_car_07dly.o Simple_car_07dly.c
clang -Os -fPIC -mfpmath=sse -fno-dollars-in-identifiers  -I'/usr/bin/../include/omc/c/fmi' -DOMC_FMI_RUNTIME=1 -DCMINPACK_NO_DLL=1   -c -o Simple_car_08bnd.o Simple_car_08bnd.c
clang -Os -fPIC -mfpmath=sse -fno-dollars-in-identifiers  -I'/usr/bin/../include/omc/c/fmi' -DOMC_FMI_RUNTIME=1 -DCMINPACK_NO_DLL=1   -c -o Simple_car_09alg.o Simple_car_09alg.c
clang -Os -fPIC -mfpmath=sse -fno-dollars-in-identifiers  -I'/usr/bin/../include/omc/c/fmi' -DOMC_FMI_RUNTIME=1 -DCMINPACK_NO_DLL=1   -c -o Simple_car_10asr.o Simple_car_10asr.c
2 warnings generated.
clang -Os -fPIC -mfpmath=sse -fno-dollars-in-identifiers  -I'/usr/bin/../include/omc/c/fmi' -DOMC_FMI_RUNTIME=1 -DCMINPACK_NO_DLL=1   -c -o Simple_car_11mix.o Simple_car_11mix.c
2 warnings generated.
clang -Os -fPIC -mfpmath=sse -fno-dollars-in-identifiers  -I'/usr/bin/../include/omc/c/fmi' -DOMC_FMI_RUNTIME=1 -DCMINPACK_NO_DLL=1   -c -o Simple_car_12jac.o Simple_car_12jac.c
2 warnings generated.
clang -Os -fPIC -mfpmath=sse -fno-dollars-in-identifiers  -I'/usr/bin/../include/omc/c/fmi' -DOMC_FMI_RUNTIME=1 -DCMINPACK_NO_DLL=1   -c -o Simple_car_13opt.o Simple_car_13opt.c
In file included from Simple_car_07dly.c:2:
In file included from ./Simple_car_model.h:5:
In file included from ./openmodelica.h:71:
In file included from ./gc/../openmodelica_types.h:149:
./gc/omc_gc.h:218:28: warning: expression result unused [-Wunused-value]
  GC_register_displacement(0);
                           ^
./gc/omc_gc.h:222:34: warning: expression result unused [-Wunused-value]
  GC_set_force_unmap_on_gcollect(1);
                                 ^
In file included from In file included from Simple_car_10asr.cSimple_car_09alg.c::22:
:
In file included from In file included from ./Simple_car_model.h./Simple_car_model.h::55:
:
In file included from In file included from ./openmodelica.h./openmodelica.h::7171:
:
In file included from In file included from ./gc/../openmodelica_types.h./gc/../openmodelica_types.h::149149:
:
./gc/omc_gc.h./gc/omc_gc.h::218218::2828::  warningwarning: : expression result unused [-Wunused-value]expression result unused [-Wunused-value]

  GC_register_displacement(0);
                           ^  GC_register_displacement(0);

                           ^./gc/omc_gc.h
:222:./gc/omc_gc.h34::222 :warning34: :expression result unused [-Wunused-value] 
warning: expression result unused [-Wunused-value]
  GC_set_force_unmap_on_gcollect(1);
                                 ^
  GC_set_force_unmap_on_gcollect(1);
                                 ^
In file included from Simple_car_11mix.c:2:
In file included from ./Simple_car_model.h:5:
In file included from ./openmodelica.h:71:
In file included from ./gc/../openmodelica_types.h:149:
./gc/omc_gc.h:218:28: warning: expression result unused [-Wunused-value]
  GC_register_displacement(0);
                           ^
./gc/omc_gc.h:222:34: warning: expression result unused [-Wunused-value]
  GC_set_force_unmap_on_gcollect(1);
                                 ^
In file included from Simple_car_08bnd.c:2:
In file included from ./Simple_car_model.h:5:
In file included from ./openmodelica.h:71:
In file included from ./gc/../openmodelica_types.h:149:
./gc/omc_gc.h:218:28: warning: expression result unused [-Wunused-value]
  GC_register_displacement(0);
                           ^
./gc/omc_gc.h:222:34: warning: expression result unused [-Wunused-value]
  GC_set_force_unmap_on_gcollect(1);
                                 ^
In file included from Simple_car_06inz.c:2:
In file included from ./Simple_car_model.h:5:
In file included from ./openmodelica.h:71:
In file included from ./gc/../openmodelica_types.h:149:
./gc/omc_gc.h:218:28: warning: expression result unused [-Wunused-value]
  GC_register_displacement(0);
                           ^
./gc/omc_gc.h:222:34: warning: expression result unused [-Wunused-value]
  GC_set_force_unmap_on_gcollect(1);
                                 ^
In file included from Simple_car_12jac.c:2:
In file included from ./Simple_car_model.h:5:
In file included from ./openmodelica.h:71:
In file included from ./gc/../openmodelica_types.h:149:
./gc/omc_gc.h:218:28: warning: expression result unused [-Wunused-value]
  GC_register_displacement(0);
                           ^
./gc/omc_gc.h:222:34: warning: expression result unused [-Wunused-value]
  GC_set_force_unmap_on_gcollect(1);
                                 ^
In file included from Simple_car_13opt.c:2:
In file included from ./Simple_car_model.h:5:
In file included from ./openmodelica.h:71:
In file included from ./gc/../openmodelica_types.h:149:
./gc/omc_gc.h:218:28: warning: expression result unused [-Wunused-value]
  GC_register_displacement(0);
                           ^
./gc/omc_gc.h:222:34: warning: expression result unused [-Wunused-value]
  GC_set_force_unmap_on_gcollect(1);
                                 ^
2 warnings generated.
clang -Os -fPIC -mfpmath=sse -fno-dollars-in-identifiers  -I'/usr/bin/../include/omc/c/fmi' -DOMC_FMI_RUNTIME=1 -DCMINPACK_NO_DLL=1   -c -o Simple_car_14lnz.o Simple_car_14lnz.c
2 warnings generated.
clang -Os -fPIC -mfpmath=sse -fno-dollars-in-identifiers  -I'/usr/bin/../include/omc/c/fmi' -DOMC_FMI_RUNTIME=1 -DCMINPACK_NO_DLL=1   -c -o Simple_car_15syn.o Simple_car_15syn.c
2 warnings generated.
clang -Os -fPIC -mfpmath=sse -fno-dollars-in-identifiers  -I'/usr/bin/../include/omc/c/fmi' -DOMC_FMI_RUNTIME=1 -DCMINPACK_NO_DLL=1   -c -o Simple_car_16dae.o Simple_car_16dae.c
2 warnings generated.
clang -Os -fPIC -mfpmath=sse -fno-dollars-in-identifiers  -I'/usr/bin/../include/omc/c/fmi' -DOMC_FMI_RUNTIME=1 -DCMINPACK_NO_DLL=1   -c -o Simple_car_17inl.o Simple_car_17inl.c
2 warnings generated.
clang -Os -fPIC -mfpmath=sse -fno-dollars-in-identifiers  -I'/usr/bin/../include/omc/c/fmi' -DOMC_FMI_RUNTIME=1 -DCMINPACK_NO_DLL=1   -c -o Simple_car_init_fmu.o Simple_car_init_fmu.c
2 warnings generated.
clang -Os -fPIC -mfpmath=sse -fno-dollars-in-identifiers  -I'/usr/bin/../include/omc/c/fmi' -DOMC_FMI_RUNTIME=1 -DCMINPACK_NO_DLL=1   -c -o Simple_car_FMU.o Simple_car_FMU.c
2 warnings generated.
2 warnings generated.
In file included from Simple_car_15syn.c:2:
In file included from ./Simple_car_model.h:5:
In file included from ./openmodelica.h:71:
In file included from ./gc/../openmodelica_types.h:149:
./gc/omc_gc.h:218:28: warning: expression result unused [-Wunused-value]
  GC_register_displacement(0);
                           ^
./gc/omc_gc.h:222:34: warning: expression result unused [-Wunused-value]
  GC_set_force_unmap_on_gcollect(1);
                                 ^
In file included from In file included from Simple_car_16dae.cSimple_car_14lnz.c::22:
:
In file included from In file included from ./Simple_car_model.h./Simple_car_model.h::55:
:
In file included from In file included from ./openmodelica.h./openmodelica.h::7171:
:
In file included from In file included from ./gc/../openmodelica_types.h./gc/../openmodelica_types.h::149149:
:
./gc/omc_gc.h./gc/omc_gc.h::218218::2828::  warningwarning: : expression result unused [-Wunused-value]expression result unused [-Wunused-value]

  GC_register_displacement(0);  GC_register_displacement(0);

                           ^                           ^

./gc/omc_gc.h./gc/omc_gc.h::222222::3434::  warningwarning: : expression result unused [-Wunused-value]expression result unused [-Wunused-value]

  GC_set_force_unmap_on_gcollect(1);  GC_set_force_unmap_on_gcollect(1);

                                 ^                                 ^

In file included from Simple_car_17inl.c:2:
In file included from ./Simple_car_model.h:5:
In file included from ./openmodelica.h:71:
In file included from ./gc/../openmodelica_types.h:149:
./gc/omc_gc.h:218:28: warning: expression result unused [-Wunused-value]
  GC_register_displacement(0);
                           ^
./gc/omc_gc.h:222:34: warning: expression result unused [-Wunused-value]
  GC_set_force_unmap_on_gcollect(1);
                                 ^
In file included from Simple_car_init_fmu.c:1:
In file included from ./simulation_data.h:39:
In file included from ./openmodelica.h:71:
In file included from ./gc/../openmodelica_types.h:149:
./gc/omc_gc.h:218:28: warning: expression result unused [-Wunused-value]
  GC_register_displacement(0);
                           ^
./gc/omc_gc.h:222:34: warning: expression result unused [-Wunused-value]
  GC_set_force_unmap_on_gcollect(1);
                                 ^
In file included from Simple_car_FMU.c:9:
In file included from ./openmodelica.h:71:
In file included from ./gc/../openmodelica_types.h:149:
./gc/omc_gc.h:218:28: warning: expression result unused [-Wunused-value]
  GC_register_displacement(0);
                           ^
./gc/omc_gc.h:222:34: warning: expression result unused [-Wunused-value]
  GC_set_force_unmap_on_gcollect(1);
                                 ^
2 warnings generated.
2 warnings generated.
2 warnings generated.
2 warnings generated.
In file included from Simple_car_FMU.c:55:
./fmi-export/fmu2_model_interface.c.inc:79:11: warning: enumeration value 'modelSlaveInitialized' not handled in switch [-Wswitch]
  switch (comp->state)
          ^
./fmi-export/fmu2_model_interface.c.inc:168:16: warning: passing 'char **' to parameter of type 'const char **' discards qualifiers in nested pointer types [-Wincompatible-pointer-types-discards-qualifiers]
  GC_vasprintf(&str, msg, args);
               ^~~~
./gc/../meta/../util/modelica_string.h:71:31: note: passing argument to parameter 'strp' here
int GC_vasprintf(const char **strp, const char *fmt, va_list ap);
                              ^
2 warnings generated.
In file included from Simple_car_FMU.c:55:
./fmi-export/fmu2_model_interface.c.inc:1311:12: warning: comparison of unsigned expression < 0 is always false [-Wtautological-compare]
    if (vr < 0 || vr >= NUMBER_OF_REALS|| setReal(comp, vr, x[i]) != fmi2OK) { // to be implemented by the includer of this file
        ~~ ^ ~
Simple_car_FMU.c:112:10: warning: comparison of unsigned expression < 0 is always false [-Wtautological-compare]
  if (vr < 0) {
      ~~ ^ ~
Simple_car_FMU.c:115:10: warning: comparison of unsigned expression < 0 is always false [-Wtautological-compare]
  if (vr < 0) {
      ~~ ^ ~
Simple_car_FMU.c:122:10: warning: comparison of unsigned expression < 0 is always false [-Wtautological-compare]
  if (vr < 0) {
      ~~ ^ ~
Simple_car_FMU.c:126:10: warning: comparison of unsigned expression < 0 is always false [-Wtautological-compare]
  if (vr < 0) {
      ~~ ^ ~
9 warnings generated.
mkdir -p ../binaries/linux64
clang -shared -o Simple_car.so Simple_car.o Simple_car_functions.o Simple_car_records.o Simple_car_01exo.o Simple_car_02nls.o Simple_car_03lsy.o Simple_car_04set.o Simple_car_05evt.o Simple_car_06inz.o Simple_car_07dly.o Simple_car_08bnd.o Simple_car_09alg.o Simple_car_10asr.o Simple_car_11mix.o Simple_car_12jac.o Simple_car_13opt.o Simple_car_14lnz.o Simple_car_15syn.o Simple_car_16dae.o Simple_car_17inl.o Simple_car_init_fmu.o Simple_car_FMU.o   -L"/home/maurizio/OM"  -Wl,-Bstatic  -Wl,-Bdynamic -L'/usr/bin/../lib/x86_64-linux-gnu/omc' -Wl,-rpath,'/usr/bin/../lib/x86_64-linux-gnu/omc'   -lSimulationRuntimeFMI  -Wl,--no-as-needed -Wl,--disable-new-dtags -llapack -lblas -lm -lm -lpthread -rdynamic -Wl,--no-undefined 
cp Simple_car.so Simple_car_FMU.libs ../binaries/linux64/
head -n20 Makefile > ../resources/linux64.summary
make distclean
make[1]: Entering directory '/tmp/OpenModelica_maurizio/OMEdit/Simple_car/Simple_car.fmutmp/sources'
rm -f Simple_car.def Simple_car.o Simple_car.a Simple_car.so  Simple_car.o Simple_car_functions.o Simple_car_records.o Simple_car_01exo.o Simple_car_02nls.o Simple_car_03lsy.o Simple_car_04set.o Simple_car_05evt.o Simple_car_06inz.o Simple_car_07dly.o Simple_car_08bnd.o Simple_car_09alg.o Simple_car_10asr.o Simple_car_11mix.o Simple_car_12jac.o Simple_car_13opt.o Simple_car_14lnz.o Simple_car_15syn.o Simple_car_16dae.o Simple_car_17inl.o Simple_car_init_fmu.o Simple_car_FMU.o  
rm -f Makefile config.status config.log
make[1]: Leaving directory '/tmp/OpenModelica_maurizio/OMEdit/Simple_car/Simple_car.fmutmp/sources'
